
<!DOCTYPE html>
<html>


<head>
	<meta charset='utf-8' /> 
	<meta name='description' content='' />
	<meta name='robots' content='noodp, noydir' />
	<meta name='viewport' content='width=device-width, initial-scale=1' />
	<meta id="timeStampFormat" name="timeStampFormat" content='MMM d, yyyy hh:mm:ss a'/>
	
	<link href='https://fonts.googleapis.com/css?family=Source+Sans+Pro:400,600' rel='stylesheet' type='text/css' />
	<link href="https://fonts.googleapis.com/icon?family=Material+Icons" rel="stylesheet" />

		<link href='https://cdn.rawgit.com/anshooarora/extentreports-java/b4a58fcfd1e137bd9287244035a7c80d3d73b3af/dist/css/extent.css' type='text/css' rel='stylesheet' />
	
	<title>ExtentReports - Created by TestNG Listener</title>

	<style type='text/css'>
	</style>
</head>

	<body class='extent standard default hide-overflow '>
		<div id='theme-selector' alt='Click to toggle theme. To enable by default, use theme configuration.' title='Click to toggle theme. To enable by default, use theme configuration.'>
			<span><i class='material-icons'>desktop_windows</i></span>
		</div>

<nav>
	<div class="nav-wrapper">
		<a href="#!" class="brand-logo blue darken-3">Extent</a>

		<!-- slideout menu -->
		<ul id='slide-out' class='side-nav fixed hide-on-med-and-down'>
			<li class='waves-effect active'><a href='#!' view='test-view' onclick="configureView(0);chartsView('test');"><i class='material-icons'>dashboard</i></a></li>
						<li class='waves-effect'><a href='#!' view='exception-view' onclick="configureView(2)"><i class='material-icons'>bug_report</i></a></li>
			<li class='waves-effect'><a href='#!' onclick="configureView(-1);chartsView('dashboard');" view='dashboard-view'><i class='material-icons'>track_changes</i></i></a></li>
		</ul>

		<!-- report name -->
		<span class='report-name'>ExtentReports - Created by TestNG Listener</span>
		
		<!-- report headline -->
		<span class='report-headline'></span>

		<!-- nav-right -->
		<ul id='nav-mobile' class='right hide-on-med-and-down nav-right'>
			<li>
                <a href='#!'>
                    <span class='label suite-start-time blue darken-3'>Oct 15, 2023 04:18:49 PM</span>
				</a>
			</li>
			<li>
                <a href='#!'>
                    <span class='label blue darken-3'>3.1.5</span>
				</a>
			</li>
		</ul>
	</div>
</nav>

		<!-- container -->
		<div class='container'>

<div id='test-view' class='view'>
				
	<section id='controls'>
		<div class='controls grey lighten-4'>
			<!-- test toggle -->
			<div class='chip transparent'>
				<a class='dropdown-button tests-toggle' data-activates='tests-toggle' data-constrainwidth='true' data-beloworigin='true' data-hover='true' href='#'>
					<i class='material-icons'>warning</i> Status
				</a>
				<ul id='tests-toggle' class='dropdown-content'>
											<li status='pass'><a href='#!'>Pass <i class='material-icons green-text'>check_circle</i></a></li>
						<li status='fail'><a href='#!'>Fail <i class='material-icons red-text'>cancel</i></a></li>
						<li status='skip'><a href='#!'>Skip <i class='material-icons cyan-text'>redo</i></a></li>
					<li class='divider'></li>
					<li status='clear' clear='true'><a href='#!'>Clear Filters <i class='material-icons'>clear</i></a></li>
				</ul>
			</div>
			<!-- test toggle -->

			<!-- category toggle -->
			<!-- category toggle -->

			<!-- clear filters -->
			<div class='chip transparent hide'>
				<a class='' id='clear-filters' alt='Clear Filters' title='Clear Filters'>
					<i class='material-icons'>close</i> Clear
				</a>
			</div>
			<!-- clear filters -->

			<!-- enable dashboard -->
			<div id='toggle-test-view-charts' class='chip transparent'>
				<a class='pink-text' id='enable-dashboard' alt='Enable Dashboard' title='Enable Dashboard'>
					<i class='material-icons'>track_changes</i> Dashboard
				</a>
			</div>
			<!-- enable dashboard -->

			<!-- search -->
			<div class='chip transparent' alt='Search Tests' title='Search Tests'>
				<a href="#" class='search-div'>
					<i class='material-icons'>search</i> Search
				</a>

				<div class='input-field left hide'>
					<input id='search-tests' type='text' class='validate browser-default' placeholder='Search Tests...'>
				</div>
				
			</div>
			<!-- search -->
		</div>
	</section>


	<div class='subview-left left'>
		
		<div class='view-summary'>
			<h5>Tests</h5>
			<ul id='test-collection' class='test-collection'>
				
				
				<li class='test displayed active  fail' status='fail' bdd='false' test-id='1'>
					<div class='test-heading'>
						<span class='test-name'>VerifyUser</span>
						<span class='test-time'>Oct 15, 2023 04:19:02 PM</span>
						<span class='test-status right fail'>fail</span>
					</div>
					<div class='test-content hide'>
<div class='test-time-info'>
	<span class='label start-time'>Oct 15, 2023 04:19:02 PM</span>
	<span class='label end-time'>Oct 15, 2023 04:19:04 PM</span>
	<span class='label time-taken grey lighten-1 white-text'>0h 0m 2s+196ms</span>
</div>
	<div class='test-steps'>
		<table class='bordered table-results'>
			<thead>
				<tr>
					<th>Status</th>
					<th>Timestamp</th>
					<th>Details</th>
				</tr>
			</thead>
			<tbody>
				<tr class='log' status='fail'>
					<td class='status fail' title='fail' alt='fail'><i class='material-icons'>cancel</i></td>
					<td class='timestamp'>4:19:07â€¯PM</td>
					<td class='step-details'><pre>org.openqa.selenium.NoSuchElementException: no such element: Unable to locate element: {"method":"xpath","selector":"//a[text()='New User/Visitor Sign Up Here']"}
  (Session info: chrome=118.0.5993.70)
For documentation on this error, please visit: https://www.selenium.dev/documentation/webdriver/troubleshooting/errors#no-such-element-exception
Build info: version: '4.12.0', revision: '249f2a7d1b*'
System info: os.name: 'Windows 10', os.arch: 'amd64', os.version: '10.0', java.version: '20.0.2'
Driver info: org.openqa.selenium.chrome.ChromeDriver
Command: [0ffd03e48bca3336cb9c145ec361b2f0, findElement {using=xpath, value=//a[text()='New User/Visitor Sign Up Here']}]
Capabilities {acceptInsecureCerts: false, browserName: chrome, browserVersion: 118.0.5993.70, chrome: {chromedriverVersion: 117.0.5938.92 (67649b10b92b..., userDataDir: C:\Users\hp\AppData\Local\T...}, fedcm:accounts: true, goog:chromeOptions: {debuggerAddress: localhost:50709}, networkConnectionEnabled: false, pageLoadStrategy: normal, platformName: windows, proxy: Proxy(), se:cdp: ws://localhost:50709/devtoo..., se:cdpVersion: 118.0.5993.70, setWindowRect: true, strictFileInteractability: false, timeouts: {implicit: 0, pageLoad: 300000, script: 30000}, unhandledPromptBehavior: dismiss and notify, webauthn:extension:credBlob: true, webauthn:extension:largeBlob: true, webauthn:extension:minPinLength: true, webauthn:extension:prf: true, webauthn:virtualAuthenticators: true}
Session ID: 0ffd03e48bca3336cb9c145ec361b2f0
	at java.base/jdk.internal.reflect.DirectConstructorHandleAccessor.newInstance(DirectConstructorHandleAccessor.java:67)
	at java.base/java.lang.reflect.Constructor.newInstanceWithCaller(Constructor.java:500)
	at java.base/java.lang.reflect.Constructor.newInstance(Constructor.java:484)
	at org.openqa.selenium.remote.codec.w3c.W3CHttpResponseCodec.createException(W3CHttpResponseCodec.java:200)
	at org.openqa.selenium.remote.codec.w3c.W3CHttpResponseCodec.decode(W3CHttpResponseCodec.java:133)
	at org.openqa.selenium.remote.codec.w3c.W3CHttpResponseCodec.decode(W3CHttpResponseCodec.java:52)
	at org.openqa.selenium.remote.HttpCommandExecutor.execute(HttpCommandExecutor.java:191)
	at org.openqa.selenium.remote.service.DriverCommandExecutor.invokeExecute(DriverCommandExecutor.java:196)
	at org.openqa.selenium.remote.service.DriverCommandExecutor.execute(DriverCommandExecutor.java:171)
	at org.openqa.selenium.remote.RemoteWebDriver.execute(RemoteWebDriver.java:602)
	at org.openqa.selenium.remote.ElementLocation$ElementFinder$2.findElement(ElementLocation.java:165)
	at org.openqa.selenium.remote.ElementLocation.findElement(ElementLocation.java:59)
	at org.openqa.selenium.remote.RemoteWebDriver.findElement(RemoteWebDriver.java:359)
	at org.openqa.selenium.remote.RemoteWebDriver.findElement(RemoteWebDriver.java:353)
	at org.openqa.selenium.support.pagefactory.DefaultElementLocator.findElement(DefaultElementLocator.java:68)
	at org.openqa.selenium.support.pagefactory.internal.LocatingElementHandler.invoke(LocatingElementHandler.java:38)
	at jdk.proxy2/jdk.proxy2.$Proxy21.click(Unknown Source)
	at Pages.VerifyNewUserPage.clickOnNewUser(VerifyNewUserPage.java:19)
	at Tests.Testclass1.VerifyUser(Testclass1.java:96)
	at java.base/jdk.internal.reflect.DirectMethodHandleAccessor.invoke(DirectMethodHandleAccessor.java:104)
	at java.base/java.lang.reflect.Method.invoke(Method.java:578)
	at org.testng.internal.MethodInvocationHelper.invokeMethod(MethodInvocationHelper.java:133)
	at org.testng.internal.TestInvoker.invokeMethod(TestInvoker.java:598)
	at org.testng.internal.TestInvoker.invokeTestMethod(TestInvoker.java:173)
	at org.testng.internal.MethodRunner.runInSequence(MethodRunner.java:46)
	at org.testng.internal.TestInvoker$MethodInvocationAgent.invoke(TestInvoker.java:824)
	at org.testng.internal.TestInvoker.invokeTestMethods(TestInvoker.java:146)
	at org.testng.internal.TestMethodWorker.invokeTestMethods(TestMethodWorker.java:146)
	at org.testng.internal.TestMethodWorker.run(TestMethodWorker.java:128)
	at java.base/java.util.ArrayList.forEach(ArrayList.java:1511)
	at org.testng.TestRunner.privateRun(TestRunner.java:794)
	at org.testng.TestRunner.run(TestRunner.java:596)
	at org.testng.SuiteRunner.runTest(SuiteRunner.java:377)
	at org.testng.SuiteRunner.access$000(SuiteRunner.java:28)
	at org.testng.SuiteRunner$SuiteWorker.run(SuiteRunner.java:418)
	at org.testng.internal.thread.ThreadUtil.lambda$execute$0(ThreadUtil.java:64)
	at java.base/java.util.concurrent.FutureTask.run(FutureTask.java:317)
	at java.base/java.util.concurrent.ThreadPoolExecutor.runWorker(ThreadPoolExecutor.java:1144)
	at java.base/java.util.concurrent.ThreadPoolExecutor$Worker.run(ThreadPoolExecutor.java:642)
	at java.base/java.lang.Thread.run(Thread.java:1623)
</pre></td>
				</tr>
			</tbody>
		</table>
	</div>
					</div>
				</li>
				
				
				<li class='test displayed active  skip' status='skip' bdd='false' test-id='2'>
					<div class='test-heading'>
						<span class='test-name'>VerifyUser</span>
						<span class='test-time'>Oct 15, 2023 04:19:05 PM</span>
						<span class='test-status right skip'>skip</span>
					</div>
					<div class='test-content hide'>
<div class='test-time-info'>
	<span class='label start-time'>Oct 15, 2023 04:19:05 PM</span>
	<span class='label end-time'>Oct 15, 2023 04:19:05 PM</span>
	<span class='label time-taken grey lighten-1 white-text'>0h 0m 0s+0ms</span>
</div>
	<div class='test-steps'>
		<table class='bordered table-results'>
			<thead>
				<tr>
					<th>Status</th>
					<th>Timestamp</th>
					<th>Details</th>
				</tr>
			</thead>
			<tbody>
				<tr class='log' status='skip'>
					<td class='status skip' title='skip' alt='skip'><i class='material-icons'>redo</i></td>
					<td class='timestamp'>4:19:08â€¯PM</td>
					<td class='step-details'><pre>java.lang.NullPointerException: Cannot invoke "org.openqa.selenium.WebDriver.get(String)" because "this.driver" is null
	at Tests.Testclass1.LaunchBrowser(Testclass1.java:76)
	at java.base/jdk.internal.reflect.DirectMethodHandleAccessor.invoke(DirectMethodHandleAccessor.java:104)
	at java.base/java.lang.reflect.Method.invoke(Method.java:578)
	at org.testng.internal.MethodInvocationHelper.invokeMethod(MethodInvocationHelper.java:133)
	at org.testng.internal.MethodInvocationHelper.invokeMethodConsideringTimeout(MethodInvocationHelper.java:62)
	at org.testng.internal.ConfigInvoker.invokeConfigurationMethod(ConfigInvoker.java:385)
	at org.testng.internal.ConfigInvoker.invokeConfigurations(ConfigInvoker.java:321)
	at org.testng.internal.TestInvoker.runConfigMethods(TestInvoker.java:700)
	at org.testng.internal.TestInvoker.invokeMethod(TestInvoker.java:527)
	at org.testng.internal.TestInvoker.invokeTestMethod(TestInvoker.java:173)
	at org.testng.internal.MethodRunner.runInSequence(MethodRunner.java:46)
	at org.testng.internal.TestInvoker$MethodInvocationAgent.invoke(TestInvoker.java:824)
	at org.testng.internal.TestInvoker.invokeTestMethods(TestInvoker.java:146)
	at org.testng.internal.TestMethodWorker.invokeTestMethods(TestMethodWorker.java:146)
	at org.testng.internal.TestMethodWorker.run(TestMethodWorker.java:128)
	at java.base/java.util.ArrayList.forEach(ArrayList.java:1511)
	at org.testng.TestRunner.privateRun(TestRunner.java:794)
	at org.testng.TestRunner.run(TestRunner.java:596)
	at org.testng.SuiteRunner.runTest(SuiteRunner.java:377)
	at org.testng.SuiteRunner.access$000(SuiteRunner.java:28)
	at org.testng.SuiteRunner$SuiteWorker.run(SuiteRunner.java:418)
	at org.testng.internal.thread.ThreadUtil.lambda$execute$0(ThreadUtil.java:64)
	at java.base/java.util.concurrent.FutureTask.run(FutureTask.java:317)
	at java.base/java.util.concurrent.ThreadPoolExecutor.runWorker(ThreadPoolExecutor.java:1144)
	at java.base/java.util.concurrent.ThreadPoolExecutor$Worker.run(ThreadPoolExecutor.java:642)
	at java.base/java.lang.Thread.run(Thread.java:1623)
</pre></td>
				</tr>
			</tbody>
		</table>
	</div>
					</div>
				</li>
				
				
				<li class='test displayed active  skip' status='skip' bdd='false' test-id='3'>
					<div class='test-heading'>
						<span class='test-name'>OngcPage</span>
						<span class='test-time'>Oct 15, 2023 04:19:05 PM</span>
						<span class='test-status right skip'>skip</span>
					</div>
					<div class='test-content hide'>
<div class='test-time-info'>
	<span class='label start-time'>Oct 15, 2023 04:19:05 PM</span>
	<span class='label end-time'>Oct 15, 2023 04:19:05 PM</span>
	<span class='label time-taken grey lighten-1 white-text'>0h 0m 0s+0ms</span>
</div>
	<div class='test-steps'>
		<table class='bordered table-results'>
			<thead>
				<tr>
					<th>Status</th>
					<th>Timestamp</th>
					<th>Details</th>
				</tr>
			</thead>
			<tbody>
				<tr class='log' status='skip'>
					<td class='status skip' title='skip' alt='skip'><i class='material-icons'>redo</i></td>
					<td class='timestamp'>4:19:08â€¯PM</td>
					<td class='step-details'><pre>java.lang.NullPointerException: Cannot invoke "org.openqa.selenium.WebDriver.get(String)" because "this.driver" is null
	at Tests.Testclass1.LaunchBrowser(Testclass1.java:76)
	at java.base/jdk.internal.reflect.DirectMethodHandleAccessor.invoke(DirectMethodHandleAccessor.java:104)
	at java.base/java.lang.reflect.Method.invoke(Method.java:578)
	at org.testng.internal.MethodInvocationHelper.invokeMethod(MethodInvocationHelper.java:133)
	at org.testng.internal.MethodInvocationHelper.invokeMethodConsideringTimeout(MethodInvocationHelper.java:62)
	at org.testng.internal.ConfigInvoker.invokeConfigurationMethod(ConfigInvoker.java:385)
	at org.testng.internal.ConfigInvoker.invokeConfigurations(ConfigInvoker.java:321)
	at org.testng.internal.TestInvoker.runConfigMethods(TestInvoker.java:700)
	at org.testng.internal.TestInvoker.invokeMethod(TestInvoker.java:527)
	at org.testng.internal.TestInvoker.invokeTestMethod(TestInvoker.java:173)
	at org.testng.internal.MethodRunner.runInSequence(MethodRunner.java:46)
	at org.testng.internal.TestInvoker$MethodInvocationAgent.invoke(TestInvoker.java:824)
	at org.testng.internal.TestInvoker.invokeTestMethods(TestInvoker.java:146)
	at org.testng.internal.TestMethodWorker.invokeTestMethods(TestMethodWorker.java:146)
	at org.testng.internal.TestMethodWorker.run(TestMethodWorker.java:128)
	at java.base/java.util.ArrayList.forEach(ArrayList.java:1511)
	at org.testng.TestRunner.privateRun(TestRunner.java:794)
	at org.testng.TestRunner.run(TestRunner.java:596)
	at org.testng.SuiteRunner.runTest(SuiteRunner.java:377)
	at org.testng.SuiteRunner.access$000(SuiteRunner.java:28)
	at org.testng.SuiteRunner$SuiteWorker.run(SuiteRunner.java:418)
	at org.testng.internal.thread.ThreadUtil.lambda$execute$0(ThreadUtil.java:64)
	at java.base/java.util.concurrent.FutureTask.run(FutureTask.java:317)
	at java.base/java.util.concurrent.ThreadPoolExecutor.runWorker(ThreadPoolExecutor.java:1144)
	at java.base/java.util.concurrent.ThreadPoolExecutor$Worker.run(ThreadPoolExecutor.java:642)
	at java.base/java.lang.Thread.run(Thread.java:1623)
</pre></td>
				</tr>
			</tbody>
		</table>
	</div>
					</div>
				</li>
				
				
				<li class='test displayed active  skip' status='skip' bdd='false' test-id='4'>
					<div class='test-heading'>
						<span class='test-name'>VerifyOngc</span>
						<span class='test-time'>Oct 15, 2023 04:19:04 PM</span>
						<span class='test-status right skip'>skip</span>
					</div>
					<div class='test-content hide'>
<div class='test-time-info'>
	<span class='label start-time'>Oct 15, 2023 04:19:04 PM</span>
	<span class='label end-time'>Oct 15, 2023 04:19:04 PM</span>
	<span class='label time-taken grey lighten-1 white-text'>0h 0m 0s+0ms</span>
</div>
	<div class='test-steps'>
		<table class='bordered table-results'>
			<thead>
				<tr>
					<th>Status</th>
					<th>Timestamp</th>
					<th>Details</th>
				</tr>
			</thead>
			<tbody>
				<tr class='log' status='skip'>
					<td class='status skip' title='skip' alt='skip'><i class='material-icons'>redo</i></td>
					<td class='timestamp'>4:19:08â€¯PM</td>
					<td class='step-details'><pre>java.lang.NullPointerException: Cannot invoke "org.openqa.selenium.WebDriver.get(String)" because "this.driver" is null
	at Tests.Testclass1.LaunchBrowser(Testclass1.java:76)
	at java.base/jdk.internal.reflect.DirectMethodHandleAccessor.invoke(DirectMethodHandleAccessor.java:104)
	at java.base/java.lang.reflect.Method.invoke(Method.java:578)
	at org.testng.internal.MethodInvocationHelper.invokeMethod(MethodInvocationHelper.java:133)
	at org.testng.internal.MethodInvocationHelper.invokeMethodConsideringTimeout(MethodInvocationHelper.java:62)
	at org.testng.internal.ConfigInvoker.invokeConfigurationMethod(ConfigInvoker.java:385)
	at org.testng.internal.ConfigInvoker.invokeConfigurations(ConfigInvoker.java:321)
	at org.testng.internal.TestInvoker.runConfigMethods(TestInvoker.java:700)
	at org.testng.internal.TestInvoker.invokeMethod(TestInvoker.java:527)
	at org.testng.internal.TestInvoker.invokeTestMethod(TestInvoker.java:173)
	at org.testng.internal.MethodRunner.runInSequence(MethodRunner.java:46)
	at org.testng.internal.TestInvoker$MethodInvocationAgent.invoke(TestInvoker.java:824)
	at org.testng.internal.TestInvoker.invokeTestMethods(TestInvoker.java:146)
	at org.testng.internal.TestMethodWorker.invokeTestMethods(TestMethodWorker.java:146)
	at org.testng.internal.TestMethodWorker.run(TestMethodWorker.java:128)
	at java.base/java.util.ArrayList.forEach(ArrayList.java:1511)
	at org.testng.TestRunner.privateRun(TestRunner.java:794)
	at org.testng.TestRunner.run(TestRunner.java:596)
	at org.testng.SuiteRunner.runTest(SuiteRunner.java:377)
	at org.testng.SuiteRunner.access$000(SuiteRunner.java:28)
	at org.testng.SuiteRunner$SuiteWorker.run(SuiteRunner.java:418)
	at org.testng.internal.thread.ThreadUtil.lambda$execute$0(ThreadUtil.java:64)
	at java.base/java.util.concurrent.FutureTask.run(FutureTask.java:317)
	at java.base/java.util.concurrent.ThreadPoolExecutor.runWorker(ThreadPoolExecutor.java:1144)
	at java.base/java.util.concurrent.ThreadPoolExecutor$Worker.run(ThreadPoolExecutor.java:642)
	at java.base/java.lang.Thread.run(Thread.java:1623)
</pre></td>
				</tr>
			</tbody>
		</table>
	</div>
					</div>
				</li>
				
				
				<li class='test displayed active  pass' status='pass' bdd='false' test-id='5'>
					<div class='test-heading'>
						<span class='test-name'>VerifyOngc</span>
						<span class='test-time'>Oct 15, 2023 04:18:49 PM</span>
						<span class='test-status right pass'>pass</span>
					</div>
					<div class='test-content hide'>
<div class='test-time-info'>
	<span class='label start-time'>Oct 15, 2023 04:18:49 PM</span>
	<span class='label end-time'>Oct 15, 2023 04:18:56 PM</span>
	<span class='label time-taken grey lighten-1 white-text'>0h 0m 7s+527ms</span>
</div>
	<div class='test-steps'>
		<table class='bordered table-results'>
			<thead>
				<tr>
					<th>Status</th>
					<th>Timestamp</th>
					<th>Details</th>
				</tr>
			</thead>
			<tbody>
				<tr class='log' status='pass'>
					<td class='status pass' title='pass' alt='pass'><i class='material-icons'>check_circle</i></td>
					<td class='timestamp'>4:19:08â€¯PM</td>
					<td class='step-details'>Test passed</td>
				</tr>
			</tbody>
		</table>
	</div>
					</div>
				</li>
				
				
				<li class='test displayed active  fail' status='fail' bdd='false' test-id='6'>
					<div class='test-heading'>
						<span class='test-name'>VerifyUser</span>
						<span class='test-time'>Oct 15, 2023 04:19:05 PM</span>
						<span class='test-status right fail'>fail</span>
					</div>
					<div class='test-content hide'>
<div class='test-time-info'>
	<span class='label start-time'>Oct 15, 2023 04:19:05 PM</span>
	<span class='label end-time'>Oct 15, 2023 04:19:07 PM</span>
	<span class='label time-taken grey lighten-1 white-text'>0h 0m 2s+39ms</span>
</div>
	<div class='test-steps'>
		<table class='bordered table-results'>
			<thead>
				<tr>
					<th>Status</th>
					<th>Timestamp</th>
					<th>Details</th>
				</tr>
			</thead>
			<tbody>
				<tr class='log' status='fail'>
					<td class='status fail' title='fail' alt='fail'><i class='material-icons'>cancel</i></td>
					<td class='timestamp'>4:19:08â€¯PM</td>
					<td class='step-details'><pre>org.openqa.selenium.NoSuchElementException: no such element: Unable to locate element: {"method":"xpath","selector":"//a[text()='New User/Visitor Sign Up Here']"}
  (Session info: MicrosoftEdge=118.0.2088.46)
For documentation on this error, please visit: https://www.selenium.dev/documentation/webdriver/troubleshooting/errors#no-such-element-exception
Build info: version: '4.12.0', revision: '249f2a7d1b*'
System info: os.name: 'Windows 10', os.arch: 'amd64', os.version: '10.0', java.version: '20.0.2'
Driver info: org.openqa.selenium.edge.EdgeDriver
Command: [08520368567c05cabbb3197befbf46f4, findElement {using=xpath, value=//a[text()='New User/Visitor Sign Up Here']}]
Capabilities {acceptInsecureCerts: false, browserName: msedge, browserVersion: 118.0.2088.46, fedcm:accounts: true, ms:edgeOptions: {debuggerAddress: localhost:50725}, msedge: {msedgedriverVersion: 117.0.2045.43 (fe8879882c1b..., userDataDir: C:\Users\hp\AppData\Local\T...}, networkConnectionEnabled: false, pageLoadStrategy: normal, platformName: windows, proxy: Proxy(), se:cdp: ws://localhost:50725/devtoo..., se:cdpVersion: 118.0.2088.46, setWindowRect: true, strictFileInteractability: false, timeouts: {implicit: 0, pageLoad: 300000, script: 30000}, unhandledPromptBehavior: dismiss and notify, webauthn:extension:credBlob: true, webauthn:extension:largeBlob: true, webauthn:extension:minPinLength: true, webauthn:extension:prf: true, webauthn:virtualAuthenticators: true}
Session ID: 08520368567c05cabbb3197befbf46f4
	at java.base/jdk.internal.reflect.DirectConstructorHandleAccessor.newInstance(DirectConstructorHandleAccessor.java:67)
	at java.base/java.lang.reflect.Constructor.newInstanceWithCaller(Constructor.java:500)
	at java.base/java.lang.reflect.Constructor.newInstance(Constructor.java:484)
	at org.openqa.selenium.remote.codec.w3c.W3CHttpResponseCodec.createException(W3CHttpResponseCodec.java:200)
	at org.openqa.selenium.remote.codec.w3c.W3CHttpResponseCodec.decode(W3CHttpResponseCodec.java:133)
	at org.openqa.selenium.remote.codec.w3c.W3CHttpResponseCodec.decode(W3CHttpResponseCodec.java:52)
	at org.openqa.selenium.remote.HttpCommandExecutor.execute(HttpCommandExecutor.java:191)
	at org.openqa.selenium.remote.service.DriverCommandExecutor.invokeExecute(DriverCommandExecutor.java:196)
	at org.openqa.selenium.remote.service.DriverCommandExecutor.execute(DriverCommandExecutor.java:171)
	at org.openqa.selenium.remote.RemoteWebDriver.execute(RemoteWebDriver.java:602)
	at org.openqa.selenium.remote.ElementLocation$ElementFinder$2.findElement(ElementLocation.java:165)
	at org.openqa.selenium.remote.ElementLocation.findElement(ElementLocation.java:59)
	at org.openqa.selenium.remote.RemoteWebDriver.findElement(RemoteWebDriver.java:359)
	at org.openqa.selenium.remote.RemoteWebDriver.findElement(RemoteWebDriver.java:353)
	at org.openqa.selenium.support.pagefactory.DefaultElementLocator.findElement(DefaultElementLocator.java:68)
	at org.openqa.selenium.support.pagefactory.internal.LocatingElementHandler.invoke(LocatingElementHandler.java:38)
	at jdk.proxy2/jdk.proxy2.$Proxy21.click(Unknown Source)
	at Pages.VerifyNewUserPage.clickOnNewUser(VerifyNewUserPage.java:19)
	at Tests.Testclass1.VerifyUser(Testclass1.java:96)
	at java.base/jdk.internal.reflect.DirectMethodHandleAccessor.invoke(DirectMethodHandleAccessor.java:104)
	at java.base/java.lang.reflect.Method.invoke(Method.java:578)
	at org.testng.internal.MethodInvocationHelper.invokeMethod(MethodInvocationHelper.java:133)
	at org.testng.internal.TestInvoker.invokeMethod(TestInvoker.java:598)
	at org.testng.internal.TestInvoker.invokeTestMethod(TestInvoker.java:173)
	at org.testng.internal.MethodRunner.runInSequence(MethodRunner.java:46)
	at org.testng.internal.TestInvoker$MethodInvocationAgent.invoke(TestInvoker.java:824)
	at org.testng.internal.TestInvoker.invokeTestMethods(TestInvoker.java:146)
	at org.testng.internal.TestMethodWorker.invokeTestMethods(TestMethodWorker.java:146)
	at org.testng.internal.TestMethodWorker.run(TestMethodWorker.java:128)
	at java.base/java.util.ArrayList.forEach(ArrayList.java:1511)
	at org.testng.TestRunner.privateRun(TestRunner.java:794)
	at org.testng.TestRunner.run(TestRunner.java:596)
	at org.testng.SuiteRunner.runTest(SuiteRunner.java:377)
	at org.testng.SuiteRunner.access$000(SuiteRunner.java:28)
	at org.testng.SuiteRunner$SuiteWorker.run(SuiteRunner.java:418)
	at org.testng.internal.thread.ThreadUtil.lambda$execute$0(ThreadUtil.java:64)
	at java.base/java.util.concurrent.FutureTask.run(FutureTask.java:317)
	at java.base/java.util.concurrent.ThreadPoolExecutor.runWorker(ThreadPoolExecutor.java:1144)
	at java.base/java.util.concurrent.ThreadPoolExecutor$Worker.run(ThreadPoolExecutor.java:642)
	at java.base/java.lang.Thread.run(Thread.java:1623)
</pre></td>
				</tr>
			</tbody>
		</table>
	</div>
					</div>
				</li>
				
				
				<li class='test displayed active  skip' status='skip' bdd='false' test-id='7'>
					<div class='test-heading'>
						<span class='test-name'>VerifyOngc</span>
						<span class='test-time'>Oct 15, 2023 04:19:07 PM</span>
						<span class='test-status right skip'>skip</span>
					</div>
					<div class='test-content hide'>
<div class='test-time-info'>
	<span class='label start-time'>Oct 15, 2023 04:19:07 PM</span>
	<span class='label end-time'>Oct 15, 2023 04:19:07 PM</span>
	<span class='label time-taken grey lighten-1 white-text'>0h 0m 0s+0ms</span>
</div>
	<div class='test-steps'>
		<table class='bordered table-results'>
			<thead>
				<tr>
					<th>Status</th>
					<th>Timestamp</th>
					<th>Details</th>
				</tr>
			</thead>
			<tbody>
				<tr class='log' status='skip'>
					<td class='status skip' title='skip' alt='skip'><i class='material-icons'>redo</i></td>
					<td class='timestamp'>4:19:08â€¯PM</td>
					<td class='step-details'><pre>java.lang.NullPointerException: Cannot invoke "org.openqa.selenium.WebDriver.get(String)" because "this.driver" is null
	at Tests.Testclass1.LaunchBrowser(Testclass1.java:76)
	at java.base/jdk.internal.reflect.DirectMethodHandleAccessor.invoke(DirectMethodHandleAccessor.java:104)
	at java.base/java.lang.reflect.Method.invoke(Method.java:578)
	at org.testng.internal.MethodInvocationHelper.invokeMethod(MethodInvocationHelper.java:133)
	at org.testng.internal.MethodInvocationHelper.invokeMethodConsideringTimeout(MethodInvocationHelper.java:62)
	at org.testng.internal.ConfigInvoker.invokeConfigurationMethod(ConfigInvoker.java:385)
	at org.testng.internal.ConfigInvoker.invokeConfigurations(ConfigInvoker.java:321)
	at org.testng.internal.TestInvoker.runConfigMethods(TestInvoker.java:700)
	at org.testng.internal.TestInvoker.invokeMethod(TestInvoker.java:527)
	at org.testng.internal.TestInvoker.invokeTestMethod(TestInvoker.java:173)
	at org.testng.internal.MethodRunner.runInSequence(MethodRunner.java:46)
	at org.testng.internal.TestInvoker$MethodInvocationAgent.invoke(TestInvoker.java:824)
	at org.testng.internal.TestInvoker.invokeTestMethods(TestInvoker.java:146)
	at org.testng.internal.TestMethodWorker.invokeTestMethods(TestMethodWorker.java:146)
	at org.testng.internal.TestMethodWorker.run(TestMethodWorker.java:128)
	at java.base/java.util.ArrayList.forEach(ArrayList.java:1511)
	at org.testng.TestRunner.privateRun(TestRunner.java:794)
	at org.testng.TestRunner.run(TestRunner.java:596)
	at org.testng.SuiteRunner.runTest(SuiteRunner.java:377)
	at org.testng.SuiteRunner.access$000(SuiteRunner.java:28)
	at org.testng.SuiteRunner$SuiteWorker.run(SuiteRunner.java:418)
	at org.testng.internal.thread.ThreadUtil.lambda$execute$0(ThreadUtil.java:64)
	at java.base/java.util.concurrent.FutureTask.run(FutureTask.java:317)
	at java.base/java.util.concurrent.ThreadPoolExecutor.runWorker(ThreadPoolExecutor.java:1144)
	at java.base/java.util.concurrent.ThreadPoolExecutor$Worker.run(ThreadPoolExecutor.java:642)
	at java.base/java.lang.Thread.run(Thread.java:1623)
</pre></td>
				</tr>
			</tbody>
		</table>
	</div>
					</div>
				</li>
				
				
				<li class='test displayed active  skip' status='skip' bdd='false' test-id='8'>
					<div class='test-heading'>
						<span class='test-name'>VerifyUser</span>
						<span class='test-time'>Oct 15, 2023 04:19:07 PM</span>
						<span class='test-status right skip'>skip</span>
					</div>
					<div class='test-content hide'>
<div class='test-time-info'>
	<span class='label start-time'>Oct 15, 2023 04:19:07 PM</span>
	<span class='label end-time'>Oct 15, 2023 04:19:07 PM</span>
	<span class='label time-taken grey lighten-1 white-text'>0h 0m 0s+0ms</span>
</div>
	<div class='test-steps'>
		<table class='bordered table-results'>
			<thead>
				<tr>
					<th>Status</th>
					<th>Timestamp</th>
					<th>Details</th>
				</tr>
			</thead>
			<tbody>
				<tr class='log' status='skip'>
					<td class='status skip' title='skip' alt='skip'><i class='material-icons'>redo</i></td>
					<td class='timestamp'>4:19:08â€¯PM</td>
					<td class='step-details'><pre>java.lang.NullPointerException: Cannot invoke "org.openqa.selenium.WebDriver.get(String)" because "this.driver" is null
	at Tests.Testclass1.LaunchBrowser(Testclass1.java:76)
	at java.base/jdk.internal.reflect.DirectMethodHandleAccessor.invoke(DirectMethodHandleAccessor.java:104)
	at java.base/java.lang.reflect.Method.invoke(Method.java:578)
	at org.testng.internal.MethodInvocationHelper.invokeMethod(MethodInvocationHelper.java:133)
	at org.testng.internal.MethodInvocationHelper.invokeMethodConsideringTimeout(MethodInvocationHelper.java:62)
	at org.testng.internal.ConfigInvoker.invokeConfigurationMethod(ConfigInvoker.java:385)
	at org.testng.internal.ConfigInvoker.invokeConfigurations(ConfigInvoker.java:321)
	at org.testng.internal.TestInvoker.runConfigMethods(TestInvoker.java:700)
	at org.testng.internal.TestInvoker.invokeMethod(TestInvoker.java:527)
	at org.testng.internal.TestInvoker.invokeTestMethod(TestInvoker.java:173)
	at org.testng.internal.MethodRunner.runInSequence(MethodRunner.java:46)
	at org.testng.internal.TestInvoker$MethodInvocationAgent.invoke(TestInvoker.java:824)
	at org.testng.internal.TestInvoker.invokeTestMethods(TestInvoker.java:146)
	at org.testng.internal.TestMethodWorker.invokeTestMethods(TestMethodWorker.java:146)
	at org.testng.internal.TestMethodWorker.run(TestMethodWorker.java:128)
	at java.base/java.util.ArrayList.forEach(ArrayList.java:1511)
	at org.testng.TestRunner.privateRun(TestRunner.java:794)
	at org.testng.TestRunner.run(TestRunner.java:596)
	at org.testng.SuiteRunner.runTest(SuiteRunner.java:377)
	at org.testng.SuiteRunner.access$000(SuiteRunner.java:28)
	at org.testng.SuiteRunner$SuiteWorker.run(SuiteRunner.java:418)
	at org.testng.internal.thread.ThreadUtil.lambda$execute$0(ThreadUtil.java:64)
	at java.base/java.util.concurrent.FutureTask.run(FutureTask.java:317)
	at java.base/java.util.concurrent.ThreadPoolExecutor.runWorker(ThreadPoolExecutor.java:1144)
	at java.base/java.util.concurrent.ThreadPoolExecutor$Worker.run(ThreadPoolExecutor.java:642)
	at java.base/java.lang.Thread.run(Thread.java:1623)
</pre></td>
				</tr>
			</tbody>
		</table>
	</div>
					</div>
				</li>
				
				
				<li class='test displayed active  skip' status='skip' bdd='false' test-id='9'>
					<div class='test-heading'>
						<span class='test-name'>OngcPage</span>
						<span class='test-time'>Oct 15, 2023 04:19:07 PM</span>
						<span class='test-status right skip'>skip</span>
					</div>
					<div class='test-content hide'>
<div class='test-time-info'>
	<span class='label start-time'>Oct 15, 2023 04:19:07 PM</span>
	<span class='label end-time'>Oct 15, 2023 04:19:07 PM</span>
	<span class='label time-taken grey lighten-1 white-text'>0h 0m 0s+0ms</span>
</div>
	<div class='test-steps'>
		<table class='bordered table-results'>
			<thead>
				<tr>
					<th>Status</th>
					<th>Timestamp</th>
					<th>Details</th>
				</tr>
			</thead>
			<tbody>
				<tr class='log' status='skip'>
					<td class='status skip' title='skip' alt='skip'><i class='material-icons'>redo</i></td>
					<td class='timestamp'>4:19:08â€¯PM</td>
					<td class='step-details'><pre>java.lang.NullPointerException: Cannot invoke "org.openqa.selenium.WebDriver.get(String)" because "this.driver" is null
	at Tests.Testclass1.LaunchBrowser(Testclass1.java:76)
	at java.base/jdk.internal.reflect.DirectMethodHandleAccessor.invoke(DirectMethodHandleAccessor.java:104)
	at java.base/java.lang.reflect.Method.invoke(Method.java:578)
	at org.testng.internal.MethodInvocationHelper.invokeMethod(MethodInvocationHelper.java:133)
	at org.testng.internal.MethodInvocationHelper.invokeMethodConsideringTimeout(MethodInvocationHelper.java:62)
	at org.testng.internal.ConfigInvoker.invokeConfigurationMethod(ConfigInvoker.java:385)
	at org.testng.internal.ConfigInvoker.invokeConfigurations(ConfigInvoker.java:321)
	at org.testng.internal.TestInvoker.runConfigMethods(TestInvoker.java:700)
	at org.testng.internal.TestInvoker.invokeMethod(TestInvoker.java:527)
	at org.testng.internal.TestInvoker.invokeTestMethod(TestInvoker.java:173)
	at org.testng.internal.MethodRunner.runInSequence(MethodRunner.java:46)
	at org.testng.internal.TestInvoker$MethodInvocationAgent.invoke(TestInvoker.java:824)
	at org.testng.internal.TestInvoker.invokeTestMethods(TestInvoker.java:146)
	at org.testng.internal.TestMethodWorker.invokeTestMethods(TestMethodWorker.java:146)
	at org.testng.internal.TestMethodWorker.run(TestMethodWorker.java:128)
	at java.base/java.util.ArrayList.forEach(ArrayList.java:1511)
	at org.testng.TestRunner.privateRun(TestRunner.java:794)
	at org.testng.TestRunner.run(TestRunner.java:596)
	at org.testng.SuiteRunner.runTest(SuiteRunner.java:377)
	at org.testng.SuiteRunner.access$000(SuiteRunner.java:28)
	at org.testng.SuiteRunner$SuiteWorker.run(SuiteRunner.java:418)
	at org.testng.internal.thread.ThreadUtil.lambda$execute$0(ThreadUtil.java:64)
	at java.base/java.util.concurrent.FutureTask.run(FutureTask.java:317)
	at java.base/java.util.concurrent.ThreadPoolExecutor.runWorker(ThreadPoolExecutor.java:1144)
	at java.base/java.util.concurrent.ThreadPoolExecutor$Worker.run(ThreadPoolExecutor.java:642)
	at java.base/java.lang.Thread.run(Thread.java:1623)
</pre></td>
				</tr>
			</tbody>
		</table>
	</div>
					</div>
				</li>
				
				
				<li class='test displayed active  pass' status='pass' bdd='false' test-id='10'>
					<div class='test-heading'>
						<span class='test-name'>VerifyOngc</span>
						<span class='test-time'>Oct 15, 2023 04:18:56 PM</span>
						<span class='test-status right pass'>pass</span>
					</div>
					<div class='test-content hide'>
<div class='test-time-info'>
	<span class='label start-time'>Oct 15, 2023 04:18:56 PM</span>
	<span class='label end-time'>Oct 15, 2023 04:18:59 PM</span>
	<span class='label time-taken grey lighten-1 white-text'>0h 0m 3s+224ms</span>
</div>
	<div class='test-steps'>
		<table class='bordered table-results'>
			<thead>
				<tr>
					<th>Status</th>
					<th>Timestamp</th>
					<th>Details</th>
				</tr>
			</thead>
			<tbody>
				<tr class='log' status='pass'>
					<td class='status pass' title='pass' alt='pass'><i class='material-icons'>check_circle</i></td>
					<td class='timestamp'>4:19:08â€¯PM</td>
					<td class='step-details'>Test passed</td>
				</tr>
			</tbody>
		</table>
	</div>
					</div>
				</li>
			</ul>
		</div>
	</div>
	<!-- subview left -->

	<div class='subview-right left'>
		<div class='view-summary'>
			<h5 class='test-name'></h5>

			<div id='step-filters' class="right">
				<span class="blue-text" status="info" alt="info" title="info"><i class="material-icons">info_outline</i></span>
				<span class="green-text" status="pass" alt="pass" title="pass"><i class="material-icons">check_circle</i></span>
				<span class="red-text" status="fail" alt="fail" title="fail"><i class="material-icons">cancel</i></span>
				<span class="red-text text-darken-4" status="fatal" alt="fatal" title="fatal"><i class="material-icons">cancel</i></span>
				<span class="pink-text text-lighten-1" status="error" alt="error" title="error"><i class="material-icons">error</i></span>
				<span class="orange-text" alt="warning" status="warning" title="warning"><i class="material-icons">warning</i></span>
				<span class="teal-text" status="skip" alt="skip" title="skip"><i class="material-icons">redo</i></span>
				<span status="clear" alt="Clear filters" title="Clear filters"><i class="material-icons">clear</i></span>
			</div>
		</div>
	</div>
	<!-- subview right -->


<div id='test-view-charts' class='subview-full'>
	<div id='charts-row' class='row nm-v nm-h'>
		<div class='col s12 m6 l6 np-h'>
			<div class='card-panel nm-v'>
				<div class='left panel-name'>Tests</div>
				<div class='chart-box'>
					<canvas id='parent-analysis' width='100' height='80'></canvas>
				</div>
				<div class='block text-small'>
					<span class='tooltipped' data-position='top' data-tooltip='20%'><span class='strong'>2</span> test(s) passed</span>
				</div>
				<div class='block text-small'>
					<span class='strong tooltipped' data-position='top' data-tooltip='20%'>2</span> test(s) failed, <span class='strong tooltipped' data-position='top' data-tooltip='60%'>6</span> others
				</div>
			</div>
		</div>
		
		<div class='col s12 m6 l6 np-h'>
			<div class='card-panel nm-v'>
				<div class='left panel-name'>Steps</div>
				<div class='chart-box'>
					<canvas id='child-analysis' width='100' height='80'></canvas>
				</div>
				<div class='block text-small'>
					<span class='tooltipped' data-position='top' data-tooltip='20%'><span class='strong'>2</span> step(s) passed</span>
				</div>
				<div class='block text-small'>
					<span class='strong tooltipped' data-position='top' data-tooltip='20%'>2</span> step(s) failed, <span class='strong tooltipped' data-position='top' data-tooltip='60%'>6</span> others
				</div>
			</div>
		</div>
		
	</div>
</div>
</div>
<!-- test view -->
<!-- category view -->
<div id='exception-view' class='view hide'>

    <section id='controls'>
        <div class='controls grey lighten-4'>
            <!-- search -->
            <div class='chip transparent' alt='Search Tests' title='Search Tests'>
                <a href="#" class='search-div'>
                    <i class='material-icons'>search</i> Search
                </a>

                <div class='input-field left hide'>
                    <input id='search-tests' type='text' class='validate browser-default' placeholder='Search Tests...'>
                </div>

            </div>
            <!-- search -->
        </div>
    </section>

    <div class='subview-left left'>

        <div class='view-summary'>
            <h5>Exceptions</h3>
                <ul id='exception-collection' class='exception-collection'>

                        <li class='exception displayed active'>
                            <div class='exception-heading'>
                                <span class='exception-name'>org.openqa.selenium.NoSuchElementException</span>
                                <span class='exception-count right'><span class='label red lighten-1 white-text'>2</span></span>
                            </div>
                            <div class='exception-content hide'>
                                <div class='exception-tests'>
                                    <table class='bordered table-results'>
                                        <thead>
                                        <tr>
                                            <th>Timestamp</th>
                                            <th>TestName</th>
                                            <th>Status</th>
                                        </tr>
                                        </thead>
                                        <tbody>
                                                    <tr>
                                                        <td>Oct 15, 2023 04:19:02 PM</td>
                                                        <td class='linked' test-id='1'>VerifyUser</td>
                                                        <td><pre><pre>org.openqa.selenium.NoSuchElementException: no such element: Unable to locate element: {"method":"xpath","selector":"//a[text()='New User/Visitor Sign Up Here']"}
  (Session info: chrome=118.0.5993.70)
For documentation on this error, please visit: https://www.selenium.dev/documentation/webdriver/troubleshooting/errors#no-such-element-exception
Build info: version: '4.12.0', revision: '249f2a7d1b*'
System info: os.name: 'Windows 10', os.arch: 'amd64', os.version: '10.0', java.version: '20.0.2'
Driver info: org.openqa.selenium.chrome.ChromeDriver
Command: [0ffd03e48bca3336cb9c145ec361b2f0, findElement {using=xpath, value=//a[text()='New User/Visitor Sign Up Here']}]
Capabilities {acceptInsecureCerts: false, browserName: chrome, browserVersion: 118.0.5993.70, chrome: {chromedriverVersion: 117.0.5938.92 (67649b10b92b..., userDataDir: C:\Users\hp\AppData\Local\T...}, fedcm:accounts: true, goog:chromeOptions: {debuggerAddress: localhost:50709}, networkConnectionEnabled: false, pageLoadStrategy: normal, platformName: windows, proxy: Proxy(), se:cdp: ws://localhost:50709/devtoo..., se:cdpVersion: 118.0.5993.70, setWindowRect: true, strictFileInteractability: false, timeouts: {implicit: 0, pageLoad: 300000, script: 30000}, unhandledPromptBehavior: dismiss and notify, webauthn:extension:credBlob: true, webauthn:extension:largeBlob: true, webauthn:extension:minPinLength: true, webauthn:extension:prf: true, webauthn:virtualAuthenticators: true}
Session ID: 0ffd03e48bca3336cb9c145ec361b2f0
	at java.base/jdk.internal.reflect.DirectConstructorHandleAccessor.newInstance(DirectConstructorHandleAccessor.java:67)
	at java.base/java.lang.reflect.Constructor.newInstanceWithCaller(Constructor.java:500)
	at java.base/java.lang.reflect.Constructor.newInstance(Constructor.java:484)
	at org.openqa.selenium.remote.codec.w3c.W3CHttpResponseCodec.createException(W3CHttpResponseCodec.java:200)
	at org.openqa.selenium.remote.codec.w3c.W3CHttpResponseCodec.decode(W3CHttpResponseCodec.java:133)
	at org.openqa.selenium.remote.codec.w3c.W3CHttpResponseCodec.decode(W3CHttpResponseCodec.java:52)
	at org.openqa.selenium.remote.HttpCommandExecutor.execute(HttpCommandExecutor.java:191)
	at org.openqa.selenium.remote.service.DriverCommandExecutor.invokeExecute(DriverCommandExecutor.java:196)
	at org.openqa.selenium.remote.service.DriverCommandExecutor.execute(DriverCommandExecutor.java:171)
	at org.openqa.selenium.remote.RemoteWebDriver.execute(RemoteWebDriver.java:602)
	at org.openqa.selenium.remote.ElementLocation$ElementFinder$2.findElement(ElementLocation.java:165)
	at org.openqa.selenium.remote.ElementLocation.findElement(ElementLocation.java:59)
	at org.openqa.selenium.remote.RemoteWebDriver.findElement(RemoteWebDriver.java:359)
	at org.openqa.selenium.remote.RemoteWebDriver.findElement(RemoteWebDriver.java:353)
	at org.openqa.selenium.support.pagefactory.DefaultElementLocator.findElement(DefaultElementLocator.java:68)
	at org.openqa.selenium.support.pagefactory.internal.LocatingElementHandler.invoke(LocatingElementHandler.java:38)
	at jdk.proxy2/jdk.proxy2.$Proxy21.click(Unknown Source)
	at Pages.VerifyNewUserPage.clickOnNewUser(VerifyNewUserPage.java:19)
	at Tests.Testclass1.VerifyUser(Testclass1.java:96)
	at java.base/jdk.internal.reflect.DirectMethodHandleAccessor.invoke(DirectMethodHandleAccessor.java:104)
	at java.base/java.lang.reflect.Method.invoke(Method.java:578)
	at org.testng.internal.MethodInvocationHelper.invokeMethod(MethodInvocationHelper.java:133)
	at org.testng.internal.TestInvoker.invokeMethod(TestInvoker.java:598)
	at org.testng.internal.TestInvoker.invokeTestMethod(TestInvoker.java:173)
	at org.testng.internal.MethodRunner.runInSequence(MethodRunner.java:46)
	at org.testng.internal.TestInvoker$MethodInvocationAgent.invoke(TestInvoker.java:824)
	at org.testng.internal.TestInvoker.invokeTestMethods(TestInvoker.java:146)
	at org.testng.internal.TestMethodWorker.invokeTestMethods(TestMethodWorker.java:146)
	at org.testng.internal.TestMethodWorker.run(TestMethodWorker.java:128)
	at java.base/java.util.ArrayList.forEach(ArrayList.java:1511)
	at org.testng.TestRunner.privateRun(TestRunner.java:794)
	at org.testng.TestRunner.run(TestRunner.java:596)
	at org.testng.SuiteRunner.runTest(SuiteRunner.java:377)
	at org.testng.SuiteRunner.access$000(SuiteRunner.java:28)
	at org.testng.SuiteRunner$SuiteWorker.run(SuiteRunner.java:418)
	at org.testng.internal.thread.ThreadUtil.lambda$execute$0(ThreadUtil.java:64)
	at java.base/java.util.concurrent.FutureTask.run(FutureTask.java:317)
	at java.base/java.util.concurrent.ThreadPoolExecutor.runWorker(ThreadPoolExecutor.java:1144)
	at java.base/java.util.concurrent.ThreadPoolExecutor$Worker.run(ThreadPoolExecutor.java:642)
	at java.base/java.lang.Thread.run(Thread.java:1623)
</pre></pre></td>
                                                    </tr>
                                                    <tr>
                                                        <td>Oct 15, 2023 04:19:05 PM</td>
                                                        <td class='linked' test-id='6'>VerifyUser</td>
                                                        <td><pre><pre>org.openqa.selenium.NoSuchElementException: no such element: Unable to locate element: {"method":"xpath","selector":"//a[text()='New User/Visitor Sign Up Here']"}
  (Session info: MicrosoftEdge=118.0.2088.46)
For documentation on this error, please visit: https://www.selenium.dev/documentation/webdriver/troubleshooting/errors#no-such-element-exception
Build info: version: '4.12.0', revision: '249f2a7d1b*'
System info: os.name: 'Windows 10', os.arch: 'amd64', os.version: '10.0', java.version: '20.0.2'
Driver info: org.openqa.selenium.edge.EdgeDriver
Command: [08520368567c05cabbb3197befbf46f4, findElement {using=xpath, value=//a[text()='New User/Visitor Sign Up Here']}]
Capabilities {acceptInsecureCerts: false, browserName: msedge, browserVersion: 118.0.2088.46, fedcm:accounts: true, ms:edgeOptions: {debuggerAddress: localhost:50725}, msedge: {msedgedriverVersion: 117.0.2045.43 (fe8879882c1b..., userDataDir: C:\Users\hp\AppData\Local\T...}, networkConnectionEnabled: false, pageLoadStrategy: normal, platformName: windows, proxy: Proxy(), se:cdp: ws://localhost:50725/devtoo..., se:cdpVersion: 118.0.2088.46, setWindowRect: true, strictFileInteractability: false, timeouts: {implicit: 0, pageLoad: 300000, script: 30000}, unhandledPromptBehavior: dismiss and notify, webauthn:extension:credBlob: true, webauthn:extension:largeBlob: true, webauthn:extension:minPinLength: true, webauthn:extension:prf: true, webauthn:virtualAuthenticators: true}
Session ID: 08520368567c05cabbb3197befbf46f4
	at java.base/jdk.internal.reflect.DirectConstructorHandleAccessor.newInstance(DirectConstructorHandleAccessor.java:67)
	at java.base/java.lang.reflect.Constructor.newInstanceWithCaller(Constructor.java:500)
	at java.base/java.lang.reflect.Constructor.newInstance(Constructor.java:484)
	at org.openqa.selenium.remote.codec.w3c.W3CHttpResponseCodec.createException(W3CHttpResponseCodec.java:200)
	at org.openqa.selenium.remote.codec.w3c.W3CHttpResponseCodec.decode(W3CHttpResponseCodec.java:133)
	at org.openqa.selenium.remote.codec.w3c.W3CHttpResponseCodec.decode(W3CHttpResponseCodec.java:52)
	at org.openqa.selenium.remote.HttpCommandExecutor.execute(HttpCommandExecutor.java:191)
	at org.openqa.selenium.remote.service.DriverCommandExecutor.invokeExecute(DriverCommandExecutor.java:196)
	at org.openqa.selenium.remote.service.DriverCommandExecutor.execute(DriverCommandExecutor.java:171)
	at org.openqa.selenium.remote.RemoteWebDriver.execute(RemoteWebDriver.java:602)
	at org.openqa.selenium.remote.ElementLocation$ElementFinder$2.findElement(ElementLocation.java:165)
	at org.openqa.selenium.remote.ElementLocation.findElement(ElementLocation.java:59)
	at org.openqa.selenium.remote.RemoteWebDriver.findElement(RemoteWebDriver.java:359)
	at org.openqa.selenium.remote.RemoteWebDriver.findElement(RemoteWebDriver.java:353)
	at org.openqa.selenium.support.pagefactory.DefaultElementLocator.findElement(DefaultElementLocator.java:68)
	at org.openqa.selenium.support.pagefactory.internal.LocatingElementHandler.invoke(LocatingElementHandler.java:38)
	at jdk.proxy2/jdk.proxy2.$Proxy21.click(Unknown Source)
	at Pages.VerifyNewUserPage.clickOnNewUser(VerifyNewUserPage.java:19)
	at Tests.Testclass1.VerifyUser(Testclass1.java:96)
	at java.base/jdk.internal.reflect.DirectMethodHandleAccessor.invoke(DirectMethodHandleAccessor.java:104)
	at java.base/java.lang.reflect.Method.invoke(Method.java:578)
	at org.testng.internal.MethodInvocationHelper.invokeMethod(MethodInvocationHelper.java:133)
	at org.testng.internal.TestInvoker.invokeMethod(TestInvoker.java:598)
	at org.testng.internal.TestInvoker.invokeTestMethod(TestInvoker.java:173)
	at org.testng.internal.MethodRunner.runInSequence(MethodRunner.java:46)
	at org.testng.internal.TestInvoker$MethodInvocationAgent.invoke(TestInvoker.java:824)
	at org.testng.internal.TestInvoker.invokeTestMethods(TestInvoker.java:146)
	at org.testng.internal.TestMethodWorker.invokeTestMethods(TestMethodWorker.java:146)
	at org.testng.internal.TestMethodWorker.run(TestMethodWorker.java:128)
	at java.base/java.util.ArrayList.forEach(ArrayList.java:1511)
	at org.testng.TestRunner.privateRun(TestRunner.java:794)
	at org.testng.TestRunner.run(TestRunner.java:596)
	at org.testng.SuiteRunner.runTest(SuiteRunner.java:377)
	at org.testng.SuiteRunner.access$000(SuiteRunner.java:28)
	at org.testng.SuiteRunner$SuiteWorker.run(SuiteRunner.java:418)
	at org.testng.internal.thread.ThreadUtil.lambda$execute$0(ThreadUtil.java:64)
	at java.base/java.util.concurrent.FutureTask.run(FutureTask.java:317)
	at java.base/java.util.concurrent.ThreadPoolExecutor.runWorker(ThreadPoolExecutor.java:1144)
	at java.base/java.util.concurrent.ThreadPoolExecutor$Worker.run(ThreadPoolExecutor.java:642)
	at java.base/java.lang.Thread.run(Thread.java:1623)
</pre></pre></td>
                                                    </tr>
                                        </tbody>
                                    </table>
                                </div>
                            </div>
                        </li>
                        <li class='exception displayed active'>
                            <div class='exception-heading'>
                                <span class='exception-name'>java.lang.NullPointerException</span>
                                <span class='exception-count right'><span class='label red lighten-1 white-text'>6</span></span>
                            </div>
                            <div class='exception-content hide'>
                                <div class='exception-tests'>
                                    <table class='bordered table-results'>
                                        <thead>
                                        <tr>
                                            <th>Timestamp</th>
                                            <th>TestName</th>
                                            <th>Status</th>
                                        </tr>
                                        </thead>
                                        <tbody>
                                                    <tr>
                                                        <td>Oct 15, 2023 04:19:05 PM</td>
                                                        <td class='linked' test-id='2'>VerifyUser</td>
                                                        <td><pre><pre>java.lang.NullPointerException: Cannot invoke "org.openqa.selenium.WebDriver.get(String)" because "this.driver" is null
	at Tests.Testclass1.LaunchBrowser(Testclass1.java:76)
	at java.base/jdk.internal.reflect.DirectMethodHandleAccessor.invoke(DirectMethodHandleAccessor.java:104)
	at java.base/java.lang.reflect.Method.invoke(Method.java:578)
	at org.testng.internal.MethodInvocationHelper.invokeMethod(MethodInvocationHelper.java:133)
	at org.testng.internal.MethodInvocationHelper.invokeMethodConsideringTimeout(MethodInvocationHelper.java:62)
	at org.testng.internal.ConfigInvoker.invokeConfigurationMethod(ConfigInvoker.java:385)
	at org.testng.internal.ConfigInvoker.invokeConfigurations(ConfigInvoker.java:321)
	at org.testng.internal.TestInvoker.runConfigMethods(TestInvoker.java:700)
	at org.testng.internal.TestInvoker.invokeMethod(TestInvoker.java:527)
	at org.testng.internal.TestInvoker.invokeTestMethod(TestInvoker.java:173)
	at org.testng.internal.MethodRunner.runInSequence(MethodRunner.java:46)
	at org.testng.internal.TestInvoker$MethodInvocationAgent.invoke(TestInvoker.java:824)
	at org.testng.internal.TestInvoker.invokeTestMethods(TestInvoker.java:146)
	at org.testng.internal.TestMethodWorker.invokeTestMethods(TestMethodWorker.java:146)
	at org.testng.internal.TestMethodWorker.run(TestMethodWorker.java:128)
	at java.base/java.util.ArrayList.forEach(ArrayList.java:1511)
	at org.testng.TestRunner.privateRun(TestRunner.java:794)
	at org.testng.TestRunner.run(TestRunner.java:596)
	at org.testng.SuiteRunner.runTest(SuiteRunner.java:377)
	at org.testng.SuiteRunner.access$000(SuiteRunner.java:28)
	at org.testng.SuiteRunner$SuiteWorker.run(SuiteRunner.java:418)
	at org.testng.internal.thread.ThreadUtil.lambda$execute$0(ThreadUtil.java:64)
	at java.base/java.util.concurrent.FutureTask.run(FutureTask.java:317)
	at java.base/java.util.concurrent.ThreadPoolExecutor.runWorker(ThreadPoolExecutor.java:1144)
	at java.base/java.util.concurrent.ThreadPoolExecutor$Worker.run(ThreadPoolExecutor.java:642)
	at java.base/java.lang.Thread.run(Thread.java:1623)
</pre></pre></td>
                                                    </tr>
                                                    <tr>
                                                        <td>Oct 15, 2023 04:19:05 PM</td>
                                                        <td class='linked' test-id='3'>OngcPage</td>
                                                        <td><pre><pre>java.lang.NullPointerException: Cannot invoke "org.openqa.selenium.WebDriver.get(String)" because "this.driver" is null
	at Tests.Testclass1.LaunchBrowser(Testclass1.java:76)
	at java.base/jdk.internal.reflect.DirectMethodHandleAccessor.invoke(DirectMethodHandleAccessor.java:104)
	at java.base/java.lang.reflect.Method.invoke(Method.java:578)
	at org.testng.internal.MethodInvocationHelper.invokeMethod(MethodInvocationHelper.java:133)
	at org.testng.internal.MethodInvocationHelper.invokeMethodConsideringTimeout(MethodInvocationHelper.java:62)
	at org.testng.internal.ConfigInvoker.invokeConfigurationMethod(ConfigInvoker.java:385)
	at org.testng.internal.ConfigInvoker.invokeConfigurations(ConfigInvoker.java:321)
	at org.testng.internal.TestInvoker.runConfigMethods(TestInvoker.java:700)
	at org.testng.internal.TestInvoker.invokeMethod(TestInvoker.java:527)
	at org.testng.internal.TestInvoker.invokeTestMethod(TestInvoker.java:173)
	at org.testng.internal.MethodRunner.runInSequence(MethodRunner.java:46)
	at org.testng.internal.TestInvoker$MethodInvocationAgent.invoke(TestInvoker.java:824)
	at org.testng.internal.TestInvoker.invokeTestMethods(TestInvoker.java:146)
	at org.testng.internal.TestMethodWorker.invokeTestMethods(TestMethodWorker.java:146)
	at org.testng.internal.TestMethodWorker.run(TestMethodWorker.java:128)
	at java.base/java.util.ArrayList.forEach(ArrayList.java:1511)
	at org.testng.TestRunner.privateRun(TestRunner.java:794)
	at org.testng.TestRunner.run(TestRunner.java:596)
	at org.testng.SuiteRunner.runTest(SuiteRunner.java:377)
	at org.testng.SuiteRunner.access$000(SuiteRunner.java:28)
	at org.testng.SuiteRunner$SuiteWorker.run(SuiteRunner.java:418)
	at org.testng.internal.thread.ThreadUtil.lambda$execute$0(ThreadUtil.java:64)
	at java.base/java.util.concurrent.FutureTask.run(FutureTask.java:317)
	at java.base/java.util.concurrent.ThreadPoolExecutor.runWorker(ThreadPoolExecutor.java:1144)
	at java.base/java.util.concurrent.ThreadPoolExecutor$Worker.run(ThreadPoolExecutor.java:642)
	at java.base/java.lang.Thread.run(Thread.java:1623)
</pre></pre></td>
                                                    </tr>
                                                    <tr>
                                                        <td>Oct 15, 2023 04:19:04 PM</td>
                                                        <td class='linked' test-id='4'>VerifyOngc</td>
                                                        <td><pre><pre>java.lang.NullPointerException: Cannot invoke "org.openqa.selenium.WebDriver.get(String)" because "this.driver" is null
	at Tests.Testclass1.LaunchBrowser(Testclass1.java:76)
	at java.base/jdk.internal.reflect.DirectMethodHandleAccessor.invoke(DirectMethodHandleAccessor.java:104)
	at java.base/java.lang.reflect.Method.invoke(Method.java:578)
	at org.testng.internal.MethodInvocationHelper.invokeMethod(MethodInvocationHelper.java:133)
	at org.testng.internal.MethodInvocationHelper.invokeMethodConsideringTimeout(MethodInvocationHelper.java:62)
	at org.testng.internal.ConfigInvoker.invokeConfigurationMethod(ConfigInvoker.java:385)
	at org.testng.internal.ConfigInvoker.invokeConfigurations(ConfigInvoker.java:321)
	at org.testng.internal.TestInvoker.runConfigMethods(TestInvoker.java:700)
	at org.testng.internal.TestInvoker.invokeMethod(TestInvoker.java:527)
	at org.testng.internal.TestInvoker.invokeTestMethod(TestInvoker.java:173)
	at org.testng.internal.MethodRunner.runInSequence(MethodRunner.java:46)
	at org.testng.internal.TestInvoker$MethodInvocationAgent.invoke(TestInvoker.java:824)
	at org.testng.internal.TestInvoker.invokeTestMethods(TestInvoker.java:146)
	at org.testng.internal.TestMethodWorker.invokeTestMethods(TestMethodWorker.java:146)
	at org.testng.internal.TestMethodWorker.run(TestMethodWorker.java:128)
	at java.base/java.util.ArrayList.forEach(ArrayList.java:1511)
	at org.testng.TestRunner.privateRun(TestRunner.java:794)
	at org.testng.TestRunner.run(TestRunner.java:596)
	at org.testng.SuiteRunner.runTest(SuiteRunner.java:377)
	at org.testng.SuiteRunner.access$000(SuiteRunner.java:28)
	at org.testng.SuiteRunner$SuiteWorker.run(SuiteRunner.java:418)
	at org.testng.internal.thread.ThreadUtil.lambda$execute$0(ThreadUtil.java:64)
	at java.base/java.util.concurrent.FutureTask.run(FutureTask.java:317)
	at java.base/java.util.concurrent.ThreadPoolExecutor.runWorker(ThreadPoolExecutor.java:1144)
	at java.base/java.util.concurrent.ThreadPoolExecutor$Worker.run(ThreadPoolExecutor.java:642)
	at java.base/java.lang.Thread.run(Thread.java:1623)
</pre></pre></td>
                                                    </tr>
                                                    <tr>
                                                        <td>Oct 15, 2023 04:19:07 PM</td>
                                                        <td class='linked' test-id='7'>VerifyOngc</td>
                                                        <td><pre><pre>java.lang.NullPointerException: Cannot invoke "org.openqa.selenium.WebDriver.get(String)" because "this.driver" is null
	at Tests.Testclass1.LaunchBrowser(Testclass1.java:76)
	at java.base/jdk.internal.reflect.DirectMethodHandleAccessor.invoke(DirectMethodHandleAccessor.java:104)
	at java.base/java.lang.reflect.Method.invoke(Method.java:578)
	at org.testng.internal.MethodInvocationHelper.invokeMethod(MethodInvocationHelper.java:133)
	at org.testng.internal.MethodInvocationHelper.invokeMethodConsideringTimeout(MethodInvocationHelper.java:62)
	at org.testng.internal.ConfigInvoker.invokeConfigurationMethod(ConfigInvoker.java:385)
	at org.testng.internal.ConfigInvoker.invokeConfigurations(ConfigInvoker.java:321)
	at org.testng.internal.TestInvoker.runConfigMethods(TestInvoker.java:700)
	at org.testng.internal.TestInvoker.invokeMethod(TestInvoker.java:527)
	at org.testng.internal.TestInvoker.invokeTestMethod(TestInvoker.java:173)
	at org.testng.internal.MethodRunner.runInSequence(MethodRunner.java:46)
	at org.testng.internal.TestInvoker$MethodInvocationAgent.invoke(TestInvoker.java:824)
	at org.testng.internal.TestInvoker.invokeTestMethods(TestInvoker.java:146)
	at org.testng.internal.TestMethodWorker.invokeTestMethods(TestMethodWorker.java:146)
	at org.testng.internal.TestMethodWorker.run(TestMethodWorker.java:128)
	at java.base/java.util.ArrayList.forEach(ArrayList.java:1511)
	at org.testng.TestRunner.privateRun(TestRunner.java:794)
	at org.testng.TestRunner.run(TestRunner.java:596)
	at org.testng.SuiteRunner.runTest(SuiteRunner.java:377)
	at org.testng.SuiteRunner.access$000(SuiteRunner.java:28)
	at org.testng.SuiteRunner$SuiteWorker.run(SuiteRunner.java:418)
	at org.testng.internal.thread.ThreadUtil.lambda$execute$0(ThreadUtil.java:64)
	at java.base/java.util.concurrent.FutureTask.run(FutureTask.java:317)
	at java.base/java.util.concurrent.ThreadPoolExecutor.runWorker(ThreadPoolExecutor.java:1144)
	at java.base/java.util.concurrent.ThreadPoolExecutor$Worker.run(ThreadPoolExecutor.java:642)
	at java.base/java.lang.Thread.run(Thread.java:1623)
</pre></pre></td>
                                                    </tr>
                                                    <tr>
                                                        <td>Oct 15, 2023 04:19:07 PM</td>
                                                        <td class='linked' test-id='8'>VerifyUser</td>
                                                        <td><pre><pre>java.lang.NullPointerException: Cannot invoke "org.openqa.selenium.WebDriver.get(String)" because "this.driver" is null
	at Tests.Testclass1.LaunchBrowser(Testclass1.java:76)
	at java.base/jdk.internal.reflect.DirectMethodHandleAccessor.invoke(DirectMethodHandleAccessor.java:104)
	at java.base/java.lang.reflect.Method.invoke(Method.java:578)
	at org.testng.internal.MethodInvocationHelper.invokeMethod(MethodInvocationHelper.java:133)
	at org.testng.internal.MethodInvocationHelper.invokeMethodConsideringTimeout(MethodInvocationHelper.java:62)
	at org.testng.internal.ConfigInvoker.invokeConfigurationMethod(ConfigInvoker.java:385)
	at org.testng.internal.ConfigInvoker.invokeConfigurations(ConfigInvoker.java:321)
	at org.testng.internal.TestInvoker.runConfigMethods(TestInvoker.java:700)
	at org.testng.internal.TestInvoker.invokeMethod(TestInvoker.java:527)
	at org.testng.internal.TestInvoker.invokeTestMethod(TestInvoker.java:173)
	at org.testng.internal.MethodRunner.runInSequence(MethodRunner.java:46)
	at org.testng.internal.TestInvoker$MethodInvocationAgent.invoke(TestInvoker.java:824)
	at org.testng.internal.TestInvoker.invokeTestMethods(TestInvoker.java:146)
	at org.testng.internal.TestMethodWorker.invokeTestMethods(TestMethodWorker.java:146)
	at org.testng.internal.TestMethodWorker.run(TestMethodWorker.java:128)
	at java.base/java.util.ArrayList.forEach(ArrayList.java:1511)
	at org.testng.TestRunner.privateRun(TestRunner.java:794)
	at org.testng.TestRunner.run(TestRunner.java:596)
	at org.testng.SuiteRunner.runTest(SuiteRunner.java:377)
	at org.testng.SuiteRunner.access$000(SuiteRunner.java:28)
	at org.testng.SuiteRunner$SuiteWorker.run(SuiteRunner.java:418)
	at org.testng.internal.thread.ThreadUtil.lambda$execute$0(ThreadUtil.java:64)
	at java.base/java.util.concurrent.FutureTask.run(FutureTask.java:317)
	at java.base/java.util.concurrent.ThreadPoolExecutor.runWorker(ThreadPoolExecutor.java:1144)
	at java.base/java.util.concurrent.ThreadPoolExecutor$Worker.run(ThreadPoolExecutor.java:642)
	at java.base/java.lang.Thread.run(Thread.java:1623)
</pre></pre></td>
                                                    </tr>
                                                    <tr>
                                                        <td>Oct 15, 2023 04:19:07 PM</td>
                                                        <td class='linked' test-id='9'>OngcPage</td>
                                                        <td><pre><pre>java.lang.NullPointerException: Cannot invoke "org.openqa.selenium.WebDriver.get(String)" because "this.driver" is null
	at Tests.Testclass1.LaunchBrowser(Testclass1.java:76)
	at java.base/jdk.internal.reflect.DirectMethodHandleAccessor.invoke(DirectMethodHandleAccessor.java:104)
	at java.base/java.lang.reflect.Method.invoke(Method.java:578)
	at org.testng.internal.MethodInvocationHelper.invokeMethod(MethodInvocationHelper.java:133)
	at org.testng.internal.MethodInvocationHelper.invokeMethodConsideringTimeout(MethodInvocationHelper.java:62)
	at org.testng.internal.ConfigInvoker.invokeConfigurationMethod(ConfigInvoker.java:385)
	at org.testng.internal.ConfigInvoker.invokeConfigurations(ConfigInvoker.java:321)
	at org.testng.internal.TestInvoker.runConfigMethods(TestInvoker.java:700)
	at org.testng.internal.TestInvoker.invokeMethod(TestInvoker.java:527)
	at org.testng.internal.TestInvoker.invokeTestMethod(TestInvoker.java:173)
	at org.testng.internal.MethodRunner.runInSequence(MethodRunner.java:46)
	at org.testng.internal.TestInvoker$MethodInvocationAgent.invoke(TestInvoker.java:824)
	at org.testng.internal.TestInvoker.invokeTestMethods(TestInvoker.java:146)
	at org.testng.internal.TestMethodWorker.invokeTestMethods(TestMethodWorker.java:146)
	at org.testng.internal.TestMethodWorker.run(TestMethodWorker.java:128)
	at java.base/java.util.ArrayList.forEach(ArrayList.java:1511)
	at org.testng.TestRunner.privateRun(TestRunner.java:794)
	at org.testng.TestRunner.run(TestRunner.java:596)
	at org.testng.SuiteRunner.runTest(SuiteRunner.java:377)
	at org.testng.SuiteRunner.access$000(SuiteRunner.java:28)
	at org.testng.SuiteRunner$SuiteWorker.run(SuiteRunner.java:418)
	at org.testng.internal.thread.ThreadUtil.lambda$execute$0(ThreadUtil.java:64)
	at java.base/java.util.concurrent.FutureTask.run(FutureTask.java:317)
	at java.base/java.util.concurrent.ThreadPoolExecutor.runWorker(ThreadPoolExecutor.java:1144)
	at java.base/java.util.concurrent.ThreadPoolExecutor$Worker.run(ThreadPoolExecutor.java:642)
	at java.base/java.lang.Thread.run(Thread.java:1623)
</pre></pre></td>
                                                    </tr>
                                        </tbody>
                                    </table>
                                </div>
                            </div>
                        </li>
                </ul>
        </div>
    </div>

    <div class='subview-right left'>
        <div class='view-summary'>
            <h5 class='exception-name'></h5>
        </div>
    </div>
</div>
<!-- exception view -->
<div id='dashboard-view' class='view hide'>
	<div class='card-panel transparent np-v'>
		<h5>Dashboard</h5>

		<div class='row'>
			<div class='col s2'>
				<div class='card-panel r'>
					Tests
					<div class='panel-lead'>10</div>
				</div>
			</div>
			<div class='col s2'>
				<div class='card-panel r'>
					Steps
					<div class='panel-lead'>10</div>
				</div>
			</div>
			<div class='col s2'>
				<div class='card-panel r'>
					Start
					<div class='panel-lead'>Oct 15, 2023 04:18:49 PM</div>
				</div>
			</div>
			<div class='col s2'>
				<div class='card-panel r'>
			 		End
			 		<div class='panel-lead'>Oct 15, 2023 04:19:08 PM</div>
				</div>
			</div>
			<div class='col s2'>
				<div class='card-panel r'>
					Time Taken
					<div class='panel-lead'>0h 0m 18s+913ms</div>
				</div>
			</div>
		</div>
	</div>
</div>
<!-- dashboard view -->
<!-- testrunner-logs view -->
		</div>
		<!-- container -->

		<script>
			var statusGroup = {
				passParent: 2,
				failParent: 2,
				fatalParent: 0,
				errorParent: 0,
				warningParent: 0,
				skipParent: 6,
				exceptionsParent: 8,
				
				passChild: 2,
				failChild: 2,
				fatalChild: 0,
				errorChild: 0,
				warningChild: 0,
				skipChild: 6,
				infoChild: 0,
				exceptionsChild: 8,
				
				passGrandChild: 0,
				failGrandChild: 0,
				fatalGrandChild: 0,
				errorGrandChild: 0,
				warningGrandChild: 0,
				skipGrandChild: 0,
				infoGrandChild: 0,
				exceptionsGrandChild: 0,
			};
		</script>
		
			<script src='https://cdn.rawgit.com/anshooarora/extentreports-java/fca20fb7653aade98810546ab96a2a4360e3e712/dist/js/extent.js' type='text/javascript'></script>
		
		
 		<script type='text/javascript'>
 		</script>
	</body>
	
</html>
