<?xml version="1.0" encoding="UTF-8"?>
<!-- Generated by org.testng.reporters.JUnitXMLReporter -->
<testsuite ignored="0" hostname="DESKTOP-BSNADPU" failures="0" tests="2" name="Default test" time="0.158" errors="0" timestamp="2023-10-15T16:26:35 IST">
  <testcase classname="Tests.Testclass1" name="@BeforeTest LaunchBrowser" time="-1.697367395164E9">
    <failure type="org.testng.TestNGException" message="
Parameter &amp;apos;browser&amp;apos; is required by BeforeTest on method LaunchBrowser but has not been marked @Optional or defined
in C:\Users\hp\AppData\Local\Temp\testng-eclipse--633116735\testng-customsuite.xml">
      <![CDATA[org.testng.TestNGException: 
Parameter 'browser' is required by BeforeTest on method LaunchBrowser but has not been marked @Optional or defined
in C:\Users\hp\AppData\Local\Temp\testng-eclipse--633116735\testng-customsuite.xml
at org.testng.internal.Parameters.createParams(Parameters.java:270)
at org.testng.internal.Parameters.createParametersForMethod(Parameters.java:358)
at org.testng.internal.Parameters.createParameters(Parameters.java:700)
at org.testng.internal.Parameters.createConfigurationParameters(Parameters.java:168)
at org.testng.internal.ConfigInvoker.invokeConfigurations(ConfigInvoker.java:302)
at org.testng.TestRunner.invokeTestConfigurations(TestRunner.java:637)
at org.testng.TestRunner.beforeRun(TestRunner.java:627)
at org.testng.TestRunner.run(TestRunner.java:589)
at org.testng.SuiteRunner.runTest(SuiteRunner.java:377)
at org.testng.SuiteRunner.runSequentially(SuiteRunner.java:371)
at org.testng.SuiteRunner.privateRun(SuiteRunner.java:332)
at org.testng.SuiteRunner.run(SuiteRunner.java:276)
at org.testng.SuiteRunnerWorker.runSuite(SuiteRunnerWorker.java:53)
at org.testng.SuiteRunnerWorker.run(SuiteRunnerWorker.java:96)
at org.testng.TestNG.runSuitesSequentially(TestNG.java:1212)
at org.testng.TestNG.runSuitesLocally(TestNG.java:1134)
at org.testng.TestNG.runSuites(TestNG.java:1063)
at org.testng.TestNG.run(TestNG.java:1031)
at org.testng.remote.AbstractRemoteTestNG.run(AbstractRemoteTestNG.java:115)
at org.testng.remote.RemoteTestNG.initAndRun(RemoteTestNG.java:251)
at org.testng.remote.RemoteTestNG.main(RemoteTestNG.java:77)
]]>
    </failure>
  </testcase> <!-- @BeforeTest LaunchBrowser -->
  <testcase classname="Tests.Testclass1" name="@BeforeClass ObjectOfPages" time="-1.69736739523E9">
    <skipped/>
  </testcase> <!-- @BeforeClass ObjectOfPages -->
  <testcase classname="Tests.Testclass1" name="@BeforeMethod LaunchBrowser" time="-1.697367395263E9">
    <skipped/>
  </testcase> <!-- @BeforeMethod LaunchBrowser -->
  <testcase classname="Tests.Testclass1" name="@AfterMethod CloseBrowser" time="-1.697367395279E9">
    <skipped/>
  </testcase> <!-- @AfterMethod CloseBrowser -->
  <testcase classname="Tests.Testclass1" name="@BeforeMethod LaunchBrowser" time="-1.697367395284E9">
    <skipped/>
  </testcase> <!-- @BeforeMethod LaunchBrowser -->
  <testcase classname="Tests.Testclass1" name="@AfterMethod CloseBrowser" time="-1.697367395297E9">
    <skipped/>
  </testcase> <!-- @AfterMethod CloseBrowser -->
  <testcase classname="Tests.Testclass1" name="@AfterClass deleteObject" time="-1.697367395303E9">
    <skipped/>
  </testcase> <!-- @AfterClass deleteObject -->
  <testcase classname="Tests.Testclass1" name="@AfterTest CloseTheBrowser" time="-1.697367395311E9">
    <skipped/>
  </testcase> <!-- @AfterTest CloseTheBrowser -->
  <testcase classname="Tests.Testclass1" name="VerifyOngc" time="0.0">
    <skipped/>
  </testcase> <!-- VerifyOngc -->
  <testcase classname="Tests.Testclass1" name="VerifyUser" time="0.0">
    <skipped/>
  </testcase> <!-- VerifyUser -->
</testsuite> <!-- Default test -->
